C_8, 0.0155		A_5, 0.0166		A_7, 0.0183		E_5, 0.0224		A_4, 0.0417		
C_8, 0.0487		A_5, 0.0525		A_7, 0.0694		E_5, 0.0844		A_4, 0.2386		
A_7, 0.0686		A_5, 0.0815		Cs_6, 0.0972		E_5, 0.1418		A_4, 0.4015		
F_7, 0.0785		C_8, 0.0813		E_5, 0.1297		Cs_6, 0.1765		A_4, 0.3714		
A_5, 0.0756		C_8, 0.0818		Cs_6, 0.1028		E_5, 0.1155		A_4, 0.4276		
Cs_6, 0.0854		F_6, 0.0864		F_5, 0.0908		F_4, 0.1018		A_4, 0.2609		
F_4, 0.1267		A_4, 0.1471		C_6, 0.1717		F_6, 0.2026		F_5, 0.2146		
C_8, 0.1463		F_5, 0.1669		F_4, 0.1711		C_6, 0.1779		F_6, 0.2504		
C_8, 0.1362		F_4, 0.1930		F_6, 0.2443		C_6, 0.2658		F_5, 0.2823		
C_8, 0.1092		F_4, 0.1209		C_6, 0.1232		F_6, 0.1836		F_5, 0.1972		
C_6, 0.0902		G_4, 0.1061		G_5, 0.1253		D_6, 0.1397		G_6, 0.2001		
A_7, 0.1118		D_6, 0.1770		G_4, 0.1846		G_5, 0.2062		G_6, 0.2448		
B_7, 0.1578		G_4, 0.2072		G_5, 0.2126		G_6, 0.3201		D_6, 0.3332		
A_7, 0.1129		G_5, 0.1420		G_4, 0.1656		G_6, 0.2919		D_6, 0.2951		
B_5, 0.0940		B_7, 0.1021		D_6, 0.1124		G_6, 0.1555		B_4, 0.2735		
B_6, 0.0989		B_5, 0.1062		Ds_7, 0.1070		B_7, 0.1984		B_4, 0.3779		
Fs_7, 0.1084		B_6, 0.1190		B_5, 0.1856		B_7, 0.2055		B_4, 0.5332		
B_7, 0.1325		B_6, 0.1559		Ds_7, 0.1775		B_5, 0.2233		B_4, 0.3897		
B_6, 0.0816		Ds_7, 0.0846		B_5, 0.0968		D_4, 0.1194		B_4, 0.2945		
A_5, 0.0758		C_8, 0.0949		D_5, 0.1087		B_4, 0.1593		D_4, 0.2923		
D_5, 0.1085		C_8, 0.1095		B_4, 0.1321		A_5, 0.1602		D_4, 0.4117		
D_6, 0.1169		Fs_6, 0.1192		A_5, 0.1435		D_5, 0.1495		D_4, 0.4896		
C_8, 0.0834		E_7, 0.1173		D_5, 0.1610		A_5, 0.1965		D_4, 0.5075		
A_5, 0.0819		F_4, 0.1132		F_6, 0.1159		F_5, 0.1216		D_4, 0.2427		
F_4, 0.1470		D_4, 0.1476		C_6, 0.2103		F_6, 0.2405		F_5, 0.2488		
A_7, 0.1490		C_8, 0.1519		F_5, 0.2105		C_6, 0.2171		F_6, 0.2868		
G_7, 0.1304		F_4, 0.1645		C_6, 0.2022		F_6, 0.2091		F_5, 0.2218		
C_6, 0.1025		F_4, 0.1030		F_6, 0.1133		F_5, 0.1481		B_4, 0.2435		
B_6, 0.0793		Ds_7, 0.1011		B_5, 0.1068		B_7, 0.1623		B_4, 0.3581		
Fs_7, 0.1058		B_6, 0.1233		B_5, 0.1921		B_7, 0.2053		B_4, 0.4732		
Ds_7, 0.1544		B_6, 0.1642		B_7, 0.1675		B_5, 0.2318		B_4, 0.4269		
B_7, 0.0884		B_6, 0.0934		B_5, 0.1076		Ds_7, 0.1163		B_4, 0.3915		
D_6, 0.0827		Fs_7, 0.0987		A_7, 0.1259		D_5, 0.1343		B_4, 0.1605		
D_6, 0.1259		B_4, 0.1304		Fs_7, 0.1460		A_7, 0.1631		D_5, 0.2241		
Fs_7, 0.1747		D_6, 0.1823		A_7, 0.2336		D_7, 0.2359		D_5, 0.3438		
D_6, 0.2020		C_8, 0.2233		A_7, 0.2243		D_7, 0.2251		D_5, 0.3577		
D_7, 0.1228		B_4, 0.1363		A_7, 0.1575		C_8, 0.1761		D_5, 0.1811		
A_6, 0.1017		D_5, 0.1106		Fs_5, 0.1157		C_8, 0.1413		B_4, 0.1976		
A_6, 0.1256		C_8, 0.1318		A_7, 0.1477		Fs_5, 0.1986		B_4, 0.2868		
C_8, 0.1340		B_5, 0.1410		G_7, 0.1568		B_6, 0.1701		B_4, 0.2890		
B_6, 0.1115		Fs_6, 0.1172		A_7, 0.1429		Fs_5, 0.1933		B_4, 0.2972		
B_4, 0.1129		G_4, 0.1174		G_5, 0.1319		D_6, 0.1600		G_6, 0.2436		
B_7, 0.1285		G_4, 0.1892		D_6, 0.1950		G_5, 0.2264		G_6, 0.2582		
B_7, 0.1473		G_5, 0.1983		G_4, 0.2138		D_6, 0.3095		G_6, 0.3192		
A_7, 0.1133		G_5, 0.1233		G_4, 0.1571		G_6, 0.2833		D_6, 0.3026		
D_6, 0.1011		F_4, 0.1129		F_6, 0.1142		F_5, 0.1209		G_6, 0.1218		
C_8, 0.1075		F_4, 0.1452		C_6, 0.2106		F_6, 0.2406		F_5, 0.2488		
C_8, 0.1510		A_7, 0.1524		F_5, 0.2075		C_6, 0.2150		F_6, 0.2872		
G_7, 0.1309		F_4, 0.1648		C_6, 0.2057		F_6, 0.2096		F_5, 0.2254		
F_4, 0.1080		C_6, 0.1084		F_6, 0.1212		F_5, 0.1591		B_4, 0.2361		
B_6, 0.0797		Ds_7, 0.1012		B_5, 0.1075		B_7, 0.1601		B_4, 0.3554		
Fs_7, 0.1058		B_6, 0.1243		B_5, 0.1921		B_7, 0.2047		B_4, 0.4664		
Ds_7, 0.1525		B_6, 0.1649		B_7, 0.1699		B_5, 0.2318		B_4, 0.4306		
B_7, 0.0925		B_6, 0.0979		Ds_7, 0.1203		B_5, 0.1230		B_4, 0.4009		
Fs_7, 0.0656		E_5, 0.1112		B_5, 0.1116		B_4, 0.1603		E_4, 0.2720		
E_6, 0.0798		E_5, 0.1228		B_4, 0.1302		B_5, 0.1946		E_4, 0.3113		
Fs_7, 0.1036		E_6, 0.1194		E_5, 0.1338		B_5, 0.1792		E_4, 0.3298		
E_6, 0.1189		Fs_7, 0.1327		B_5, 0.1672		E_5, 0.2401		E_4, 0.3507		
E_4, 0.0867		B_7, 0.0916		E_5, 0.1174		B_5, 0.1838		B_4, 0.2998		
B_6, 0.0931		B_5, 0.1042		Ds_7, 0.1058		B_7, 0.1884		B_4, 0.3872		
E_4, 0.1166		B_6, 0.1175		B_5, 0.1797		B_7, 0.2062		B_4, 0.5363		
B_7, 0.1377		B_6, 0.1542		Ds_7, 0.1743		B_5, 0.2302		B_4, 0.3973		
Ds_7, 0.0888		B_6, 0.0922		B_5, 0.1105		B_7, 0.1111		B_4, 0.3262		
G_4, 0.1047		G_5, 0.1259		D_6, 0.1485		B_4, 0.1597		G_6, 0.2158		
B_4, 0.1355		D_6, 0.1778		G_4, 0.1874		G_5, 0.2149		G_6, 0.2428		
B_7, 0.1535		G_4, 0.2084		G_5, 0.2094		G_6, 0.3223		D_6, 0.3284		
A_7, 0.1146		G_5, 0.1317		G_4, 0.1628		G_6, 0.2896		D_6, 0.2968		
D_6, 0.0982		F_6, 0.1005		F_5, 0.1100		F_4, 0.1100		G_6, 0.1391		
C_8, 0.1015		F_4, 0.1411		C_6, 0.2064		F_6, 0.2368		F_5, 0.2468		
C_8, 0.1540		F_4, 0.1553		F_5, 0.1874		C_6, 0.2016		F_6, 0.2860		
C_8, 0.1300		F_4, 0.1677		F_6, 0.2147		C_6, 0.2281		F_5, 0.2475		
C_6, 0.1024		F_4, 0.1089		F_6, 0.1363		E_4, 0.1616		F_5, 0.1653		
E_6, 0.0759		C_6, 0.0791		B_5, 0.0861		E_5, 0.1065		E_4, 0.2815		
Gs_6, 0.0803		E_6, 0.1003		E_5, 0.1630		B_5, 0.1700		E_4, 0.3470		
E_6, 0.1077		Fs_7, 0.1098		E_5, 0.1537		B_5, 0.2446		E_4, 0.3243		
E_6, 0.1147		Fs_7, 0.1210		B_5, 0.1381		E_5, 0.1924		E_4, 0.3040		
E_5, 0.0956		B_6, 0.1018		C_8, 0.1068		Fs_5, 0.1168		B_4, 0.1687		
E_7, 0.0895		B_5, 0.0986		Fs_5, 0.0992		C_8, 0.1229		B_4, 0.1692		
A_7, 0.1371		B_5, 0.1373		B_6, 0.1375		Fs_5, 0.1924		B_4, 0.3069		
B_6, 0.1445		B_5, 0.1573		G_7, 0.1759		Fs_5, 0.1900		B_4, 0.3000		
B_5, 0.0934		Fs_5, 0.1115		D_5, 0.1119		A_7, 0.1435		B_4, 0.2222		
Fs_5, 0.0742		B_4, 0.1062		Fs_7, 0.1074		A_7, 0.1389		D_5, 0.1674		
D_7, 0.1416		D_6, 0.1833		Fs_7, 0.1910		D_5, 0.2710		A_7, 0.2719		
C_8, 0.1866		A_7, 0.2110		D_6, 0.2218		D_7, 0.2774		D_5, 0.3998		
Fs_7, 0.1587		C_8, 0.1745		D_7, 0.1988		A_7, 0.2145		D_5, 0.2474		
C_8, 0.1100		F_4, 0.1165		D_5, 0.1205		F_6, 0.1480		F_5, 0.1512		
C_8, 0.1316		F_4, 0.1589		C_6, 0.1923		F_6, 0.2203		F_5, 0.2216		
A_7, 0.1537		F_4, 0.1838		C_6, 0.2536		F_5, 0.2612		F_6, 0.2613		
G_7, 0.1239		F_4, 0.1542		C_6, 0.1589		F_5, 0.1955		F_6, 0.2102		
A_7, 0.0482		F_6, 0.0624		F_4, 0.0812		C_6, 0.0976		F_5, 0.0984		
C_7, 0.0164		F_4, 0.0624		F_5, 0.0633		F_6, 0.0643		C_6, 0.0648		
C_7, 0.0137		F_4, 0.0239		F_5, 0.0354		F_6, 0.0420		C_6, 0.0427		
D_5, 0.0089		F_4, 0.0186		F_6, 0.0206		C_6, 0.0207		F_5, 0.0235		
D_5, 0.0044		F_6, 0.0088		C_6, 0.0091		F_4, 0.0131		F_5, 0.0169		
D_5, 0.0038		F_6, 0.0072		C_6, 0.0079		F_4, 0.0086		F_5, 0.0155		
F_6, 0.0030		D_5, 0.0033		C_6, 0.0050		F_5, 0.0072		F_4, 0.0086		
D_5, 0.0020		F_6, 0.0022		C_6, 0.0035		F_5, 0.0046		F_4, 0.0058		
D_5, 0.0006		F_6, 0.0017		F_5, 0.0020		C_6, 0.0031		F_4, 0.0052		
D_5, 0.0006		F_6, 0.0008		F_5, 0.0014		F_4, 0.0014		C_6, 0.0014		
